<?xml version="1.0" encoding="UTF-8"?>
<!-- Generated by org.testng.reporters.JUnitReportReporter -->
<testsuite hostname="CPC-Sahil-BLBHA" failures="0" tests="1" name="runners.RunSugarTest" time="317.645" errors="1" timestamp="2024-11-27T14:50:00 IST" skipped="0">
  <testcase classname="runners.RunSugarTest" name="runScenario" time="317.645">
    <error message="Index 0 out of bounds for length 0" type="java.lang.IndexOutOfBoundsException">
      <![CDATA[java.lang.IndexOutOfBoundsException: Index 0 out of bounds for length 0
at java.base/jdk.internal.util.Preconditions.outOfBounds(Preconditions.java:100)
at java.base/jdk.internal.util.Preconditions.outOfBoundsCheckIndex(Preconditions.java:106)
at java.base/jdk.internal.util.Preconditions.checkIndex(Preconditions.java:302)
at java.base/java.util.Objects.checkIndex(Objects.java:365)
at java.base/java.util.ArrayList.get(ArrayList.java:428)
at java.base/jdk.internal.reflect.DirectMethodHandleAccessor.invoke(DirectMethodHandleAccessor.java:103)
at java.base/java.lang.reflect.Method.invoke(Method.java:580)
at org.openqa.selenium.support.pagefactory.internal.LocatingElementListHandler.invoke(LocatingElementListHandler.java:39)
at jdk.proxy2/jdk.proxy2.$Proxy62.get(Unknown Source)
at com.qa.sugarcrm.pages.LeadsAndPersonalDetailsPage.selectValueFromLeadTypeDropdown(LeadsAndPersonalDetailsPage.java:357)
at StepDefinitions.SugarSteps.theUserSelectsFromTheLeadTypeDropdown(SugarSteps.java:181)
at âœ½.the user selects "Sale" from the Lead Type dropdown(file:///C:/Users/Sahil.Sharma/EclipseEn/DHFAutomation/src/test/resources/Features/SugarCrmSmoke.feature:20)
]]>
    </error>
  </testcase> <!-- runScenario -->
</testsuite> <!-- runners.RunSugarTest -->
